# JRE version: OpenJDK Runtime Environment Zulu17.40+19-CA (17.0.6+10) (build 17.0.6+10-LTS)
# Java VM: OpenJDK 64-Bit Server VM Zulu17.40+19-CA (17.0.6+10-LTS, mixed mode, sharing, tiered, compressed oops, compressed class ptrs, g1 gc, windows-amd64)
GC Precious Log:
 CPUs: 8 total, 8 available
 Memory: 8023M
 Large Page Support: Disabled
 NUMA Support: Disabled
 Compressed Oops: Enabled (32-bit)
 Heap Region Size: 1M
 Heap Min Capacity: 8M
 Heap Initial Capacity: 8M
 Heap Max Capacity: 2006M
 Pre-touch: Disabled
 Parallel Workers: 8
 Concurrent Workers: 2
 Concurrent Refinement Workers: 8
 Periodic GC: Disabled
Heap:
 garbage-first heap   total 26624K, used 13313K [0x0000000082a00000, 0x0000000100000000)
  region size 1024K, 8 young (8192K), 2 survivors (2048K)
 Metaspace       used 10486K, committed 10752K, reserved 1064960K
  class space    used 1270K, committed 1408K, reserved 1048576K
GC Heap History (20 events):
Event: 1.119 GC heap before
{Heap before GC invocations=2 (full 0):
 garbage-first heap   total 8192K, used 2919K [0x0000000082a00000, 0x0000000100000000)
  region size 1024K, 2 young (2048K), 1 survivors (1024K)
 Metaspace       used 6329K, committed 6464K, reserved 1064960K
  class space    used 759K, committed 832K, reserved 1048576K
}
Event: 1.121 GC heap after
{Heap after GC invocations=3 (full 0):
 garbage-first heap   total 8192K, used 2271K [0x0000000082a00000, 0x0000000100000000)
  region size 1024K, 1 young (1024K), 1 survivors (1024K)
 Metaspace       used 6329K, committed 6464K, reserved 1064960K
  class space    used 759K, committed 832K, reserved 1048576K
}
Event: 1.251 GC heap before
{Heap before GC invocations=3 (full 0):
 garbage-first heap   total 8192K, used 3295K [0x0000000082a00000, 0x0000000100000000)
  region size 1024K, 2 young (2048K), 1 survivors (1024K)
 Metaspace       used 7717K, committed 7872K, reserved 1064960K
  class space    used 902K, committed 960K, reserved 1048576K
}
Event: 1.253 GC heap after
{Heap after GC invocations=4 (full 0):
 garbage-first heap   total 8192K, used 2570K [0x0000000082a00000, 0x0000000100000000)
  region size 1024K, 1 young (1024K), 1 survivors (1024K)
 Metaspace       used 7717K, committed 7872K, reserved 1064960K
  class space    used 902K, committed 960K, reserved 1048576K
}
Event: 1.306 GC heap before
{Heap before GC invocations=4 (full 0):
 garbage-first heap   total 8192K, used 3594K [0x0000000082a00000, 0x0000000100000000)
  region size 1024K, 2 young (2048K), 1 survivors (1024K)
 Metaspace       used 7966K, committed 8128K, reserved 1064960K
  class space    used 928K, committed 1024K, reserved 1048576K
}
Event: 1.308 GC heap after
{Heap after GC invocations=5 (full 0):
 garbage-first heap   total 8192K, used 2965K [0x0000000082a00000, 0x0000000100000000)
  region size 1024K, 1 young (1024K), 1 survivors (1024K)
 Metaspace       used 7966K, committed 8128K, reserved 1064960K
  class space    used 928K, committed 1024K, reserved 1048576K
}
Event: 1.333 GC heap before
{Heap before GC invocations=5 (full 0):
 garbage-first heap   total 8192K, used 3989K [0x0000000082a00000, 0x0000000100000000)
  region size 1024K, 2 young (2048K), 1 survivors (1024K)
 Metaspace       used 8011K, committed 8192K, reserved 1064960K
  class space    used 931K, committed 1024K, reserved 1048576K
}
Event: 1.337 GC heap after
{Heap after GC invocations=6 (full 0):
 garbage-first heap   total 10240K, used 3431K [0x0000000082a00000, 0x0000000100000000)
  region size 1024K, 1 young (1024K), 1 survivors (1024K)
 Metaspace       used 8011K, committed 8192K, reserved 1064960K
  class space    used 931K, committed 1024K, reserved 1048576K
}
Event: 1.463 GC heap before
{Heap before GC invocations=6 (full 0):
 garbage-first heap   total 10240K, used 5479K [0x0000000082a00000, 0x0000000100000000)
  region size 1024K, 3 young (3072K), 1 survivors (1024K)
 Metaspace       used 8734K, committed 8960K, reserved 1064960K
  class space    used 1026K, committed 1152K, reserved 1048576K
}
Event: 1.467 GC heap after
{Heap after GC invocations=7 (full 0):
 garbage-first heap   total 10240K, used 4172K [0x0000000082a00000, 0x0000000100000000)
  region size 1024K, 1 young (1024K), 1 survivors (1024K)
 Metaspace       used 8734K, committed 8960K, reserved 1064960K
  class space    used 1026K, committed 1152K, reserved 1048576K
}
Event: 1.479 GC heap before
{Heap before GC invocations=7 (full 0):
 garbage-first heap   total 10240K, used 5196K [0x0000000082a00000, 0x0000000100000000)
  region size 1024K, 2 young (2048K), 1 survivors (1024K)
 Metaspace       used 8752K, committed 8960K, reserved 1064960K
  class space    used 1026K, committed 1152K, reserved 1048576K
}
Event: 1.482 GC heap after
{Heap after GC invocations=8 (full 0):
 garbage-first heap   total 10240K, used 4486K [0x0000000082a00000, 0x0000000100000000)
  region size 1024K, 1 young (1024K), 1 survivors (1024K)
 Metaspace       used 8752K, committed 8960K, reserved 1064960K
  class space    used 1026K, committed 1152K, reserved 1048576K
}
Event: 1.507 GC heap before
{Heap before GC invocations=8 (full 0):
 garbage-first heap   total 10240K, used 5510K [0x0000000082a00000, 0x0000000100000000)
  region size 1024K, 2 young (2048K), 1 survivors (1024K)
 Metaspace       used 8790K, committed 8960K, reserved 1064960K
  class space    used 1026K, committed 1152K, reserved 1048576K
}
Event: 1.509 GC heap after
{Heap after GC invocations=9 (full 0):
 garbage-first heap   total 10240K, used 4564K [0x0000000082a00000, 0x0000000100000000)
  region size 1024K, 1 young (1024K), 1 survivors (1024K)
 Metaspace       used 8790K, committed 8960K, reserved 1064960K
  class space    used 1026K, committed 1152K, reserved 1048576K
}
Event: 1.595 GC heap before
{Heap before GC invocations=10 (full 0):
 garbage-first heap   total 12288K, used 4564K [0x0000000082a00000, 0x0000000100000000)
  region size 1024K, 2 young (2048K), 1 survivors (1024K)
 Metaspace       used 8922K, committed 9152K, reserved 1064960K
  class space    used 1047K, committed 1152K, reserved 1048576K
}
Event: 1.596 GC heap after
{Heap after GC invocations=11 (full 0):
 garbage-first heap   total 26624K, used 4753K [0x0000000082a00000, 0x0000000100000000)
  region size 1024K, 1 young (1024K), 1 survivors (1024K)
 Metaspace       used 8922K, committed 9152K, reserved 1064960K
  class space    used 1047K, committed 1152K, reserved 1048576K
}
Event: 1.689 GC heap before
{Heap before GC invocations=11 (full 0):
 garbage-first heap   total 26624K, used 12945K [0x0000000082a00000, 0x0000000100000000)
  region size 1024K, 9 young (9216K), 1 survivors (1024K)
 Metaspace       used 9122K, committed 9344K, reserved 1064960K
  class space    used 1067K, committed 1216K, reserved 1048576K
}
Event: 1.696 GC heap after
{Heap after GC invocations=12 (full 0):
 garbage-first heap   total 26624K, used 6310K [0x0000000082a00000, 0x0000000100000000)
  region size 1024K, 2 young (2048K), 2 survivors (2048K)
 Metaspace       used 9122K, committed 9344K, reserved 1064960K
  class space    used 1067K, committed 1216K, reserved 1048576K
}
Event: 1.923 GC heap before
{Heap before GC invocations=12 (full 0):
 garbage-first heap   total 26624K, used 14502K [0x0000000082a00000, 0x0000000100000000)
  region size 1024K, 10 young (10240K), 2 survivors (2048K)
 Metaspace       used 9739K, committed 9984K, reserved 1064960K
  class space    used 1170K, committed 1280K, reserved 1048576K
}
Event: 1.931 GC heap after
{Heap after GC invocations=13 (full 0):
 garbage-first heap   total 26624K, used 8193K [0x0000000082a00000, 0x0000000100000000)
  region size 1024K, 2 young (2048K), 2 survivors (2048K)
 Metaspace       used 9739K, committed 9984K, reserved 1064960K
  class space    used 1170K, committed 1280K, reserved 1048576K
}

