# JRE version: OpenJDK Runtime Environment Zulu17.40+19-CA (17.0.6+10) (build 17.0.6+10-LTS)
# Java VM: OpenJDK 64-Bit Server VM Zulu17.40+19-CA (17.0.6+10-LTS, mixed mode, sharing, tiered, compressed oops, compressed class ptrs, g1 gc, windows-amd64)
GC Precious Log:
 CPUs: 8 total, 8 available
 Memory: 8023M
 Large Page Support: Disabled
 NUMA Support: Disabled
 Compressed Oops: Enabled (32-bit)
 Heap Region Size: 1M
 Heap Min Capacity: 8M
 Heap Initial Capacity: 8M
 Heap Max Capacity: 2006M
 Pre-touch: Disabled
 Parallel Workers: 8
 Concurrent Workers: 2
 Concurrent Refinement Workers: 8
 Periodic GC: Disabled
Heap:
 garbage-first heap   total 53248K, used 15336K [0x0000000082a00000, 0x0000000100000000)
  region size 1024K, 3 young (3072K), 2 survivors (2048K)
 Metaspace       used 11217K, committed 11392K, reserved 1064960K
  class space    used 1266K, committed 1344K, reserved 1048576K
GC Heap History (20 events):
Event: 1.407 GC heap before
{Heap before GC invocations=7 (full 0):
 garbage-first heap   total 10240K, used 5614K [0x0000000082a00000, 0x0000000100000000)
  region size 1024K, 2 young (2048K), 1 survivors (1024K)
 Metaspace       used 8905K, committed 9152K, reserved 1064960K
  class space    used 1030K, committed 1152K, reserved 1048576K
}
Event: 1.409 GC heap after
{Heap after GC invocations=8 (full 0):
 garbage-first heap   total 10240K, used 4711K [0x0000000082a00000, 0x0000000100000000)
  region size 1024K, 1 young (1024K), 1 survivors (1024K)
 Metaspace       used 8905K, committed 9152K, reserved 1064960K
  class space    used 1030K, committed 1152K, reserved 1048576K
}
Event: 1.419 GC heap before
{Heap before GC invocations=8 (full 0):
 garbage-first heap   total 10240K, used 5735K [0x0000000082a00000, 0x0000000100000000)
  region size 1024K, 2 young (2048K), 1 survivors (1024K)
 Metaspace       used 8922K, committed 9152K, reserved 1064960K
  class space    used 1030K, committed 1152K, reserved 1048576K
}
Event: 1.421 GC heap after
{Heap after GC invocations=9 (full 0):
 garbage-first heap   total 15360K, used 4859K [0x0000000082a00000, 0x0000000100000000)
  region size 1024K, 1 young (1024K), 1 survivors (1024K)
 Metaspace       used 8922K, committed 9152K, reserved 1064960K
  class space    used 1030K, committed 1152K, reserved 1048576K
}
Event: 1.522 GC heap before
{Heap before GC invocations=10 (full 0):
 garbage-first heap   total 15360K, used 7931K [0x0000000082a00000, 0x0000000100000000)
  region size 1024K, 4 young (4096K), 1 survivors (1024K)
 Metaspace       used 9250K, committed 9408K, reserved 1064960K
  class space    used 1064K, committed 1152K, reserved 1048576K
}
Event: 1.525 GC heap after
{Heap after GC invocations=11 (full 0):
 garbage-first heap   total 15360K, used 5482K [0x0000000082a00000, 0x0000000100000000)
  region size 1024K, 1 young (1024K), 1 survivors (1024K)
 Metaspace       used 9250K, committed 9408K, reserved 1064960K
  class space    used 1064K, committed 1152K, reserved 1048576K
}
Event: 1.544 GC heap before
{Heap before GC invocations=11 (full 0):
 garbage-first heap   total 15360K, used 8554K [0x0000000082a00000, 0x0000000100000000)
  region size 1024K, 4 young (4096K), 1 survivors (1024K)
 Metaspace       used 9294K, committed 9472K, reserved 1064960K
  class space    used 1069K, committed 1152K, reserved 1048576K
}
Event: 1.547 GC heap after
{Heap after GC invocations=12 (full 0):
 garbage-first heap   total 15360K, used 6098K [0x0000000082a00000, 0x0000000100000000)
  region size 1024K, 1 young (1024K), 1 survivors (1024K)
 Metaspace       used 9294K, committed 9472K, reserved 1064960K
  class space    used 1069K, committed 1152K, reserved 1048576K
}
Event: 1.559 GC heap before
{Heap before GC invocations=12 (full 0):
 garbage-first heap   total 15360K, used 9170K [0x0000000082a00000, 0x0000000100000000)
  region size 1024K, 4 young (4096K), 1 survivors (1024K)
 Metaspace       used 9298K, committed 9472K, reserved 1064960K
  class space    used 1069K, committed 1152K, reserved 1048576K
}
Event: 1.561 GC heap after
{Heap after GC invocations=13 (full 0):
 garbage-first heap   total 15360K, used 6638K [0x0000000082a00000, 0x0000000100000000)
  region size 1024K, 1 young (1024K), 1 survivors (1024K)
 Metaspace       used 9298K, committed 9472K, reserved 1064960K
  class space    used 1069K, committed 1152K, reserved 1048576K
}
Event: 1.604 GC heap before
{Heap before GC invocations=13 (full 0):
 garbage-first heap   total 15360K, used 9710K [0x0000000082a00000, 0x0000000100000000)
  region size 1024K, 4 young (4096K), 1 survivors (1024K)
 Metaspace       used 9327K, committed 9536K, reserved 1064960K
  class space    used 1069K, committed 1152K, reserved 1048576K
}
Event: 1.606 GC heap after
{Heap after GC invocations=14 (full 0):
 garbage-first heap   total 30720K, used 7531K [0x0000000082a00000, 0x0000000100000000)
  region size 1024K, 1 young (1024K), 1 survivors (1024K)
 Metaspace       used 9327K, committed 9536K, reserved 1064960K
  class space    used 1069K, committed 1152K, reserved 1048576K
}
Event: 1.835 GC heap before
{Heap before GC invocations=14 (full 0):
 garbage-first heap   total 30720K, used 18795K [0x0000000082a00000, 0x0000000100000000)
  region size 1024K, 12 young (12288K), 1 survivors (1024K)
 Metaspace       used 9425K, committed 9664K, reserved 1064960K
  class space    used 1071K, committed 1216K, reserved 1048576K
}
Event: 1.857 GC heap after
{Heap after GC invocations=15 (full 0):
 garbage-first heap   total 30720K, used 9564K [0x0000000082a00000, 0x0000000100000000)
  region size 1024K, 2 young (2048K), 2 survivors (2048K)
 Metaspace       used 9425K, committed 9664K, reserved 1064960K
  class space    used 1071K, committed 1216K, reserved 1048576K
}
Event: 1.930 GC heap before
{Heap before GC invocations=15 (full 0):
 garbage-first heap   total 30720K, used 19804K [0x0000000082a00000, 0x0000000100000000)
  region size 1024K, 11 young (11264K), 2 survivors (2048K)
 Metaspace       used 9517K, committed 9728K, reserved 1064960K
  class space    used 1074K, committed 1216K, reserved 1048576K
}
Event: 1.937 GC heap after
{Heap after GC invocations=16 (full 0):
 garbage-first heap   total 30720K, used 12556K [0x0000000082a00000, 0x0000000100000000)
  region size 1024K, 2 young (2048K), 2 survivors (2048K)
 Metaspace       used 9517K, committed 9728K, reserved 1064960K
  class space    used 1074K, committed 1216K, reserved 1048576K
}
Event: 2.289 GC heap before
{Heap before GC invocations=16 (full 0):
 garbage-first heap   total 30720K, used 20748K [0x0000000082a00000, 0x0000000100000000)
  region size 1024K, 10 young (10240K), 2 survivors (2048K)
 Metaspace       used 10923K, committed 11072K, reserved 1064960K
  class space    used 1249K, committed 1344K, reserved 1048576K
}
Event: 2.297 GC heap after
{Heap after GC invocations=17 (full 0):
 garbage-first heap   total 30720K, used 14168K [0x0000000082a00000, 0x0000000100000000)
  region size 1024K, 2 young (2048K), 2 survivors (2048K)
 Metaspace       used 10923K, committed 11072K, reserved 1064960K
  class space    used 1249K, committed 1344K, reserved 1048576K
}
Event: 2.483 GC heap before
{Heap before GC invocations=17 (full 0):
 garbage-first heap   total 30720K, used 21336K [0x0000000082a00000, 0x0000000100000000)
  region size 1024K, 9 young (9216K), 2 survivors (2048K)
 Metaspace       used 11181K, committed 11392K, reserved 1064960K
  class space    used 1266K, committed 1344K, reserved 1048576K
}
Event: 2.491 GC heap after
{Heap after GC invocations=18 (full 0):
 garbage-first heap   total 53248K, used 15336K [0x0000000082a00000, 0x0000000100000000)
  region size 1024K, 2 young (2048K), 2 survivors (2048K)
 Metaspace       used 11181K, committed 11392K, reserved 1064960K
  class space    used 1266K, committed 1344K, reserved 1048576K
}

