# JRE version: OpenJDK Runtime Environment Zulu17.40+19-CA (17.0.6+10) (build 17.0.6+10-LTS)
# Java VM: OpenJDK 64-Bit Server VM Zulu17.40+19-CA (17.0.6+10-LTS, mixed mode, sharing, tiered, compressed oops, compressed class ptrs, g1 gc, windows-amd64)
GC Precious Log:
 CPUs: 8 total, 8 available
 Memory: 8023M
 Large Page Support: Disabled
 NUMA Support: Disabled
 Compressed Oops: Enabled (32-bit)
 Heap Region Size: 1M
 Heap Min Capacity: 8M
 Heap Initial Capacity: 8M
 Heap Max Capacity: 2006M
 Pre-touch: Disabled
 Parallel Workers: 8
 Concurrent Workers: 2
 Concurrent Refinement Workers: 8
 Periodic GC: Disabled
Heap:
 garbage-first heap   total 21504K, used 9457K [0x0000000082a00000, 0x0000000100000000)
  region size 1024K, 1 young (1024K), 1 survivors (1024K)
 Metaspace       used 9416K, committed 9664K, reserved 1064960K
  class space    used 1071K, committed 1216K, reserved 1048576K
GC Heap History (20 events):
Event: 1.026 GC heap after
{Heap after GC invocations=5 (full 0):
 garbage-first heap   total 8192K, used 2906K [0x0000000082a00000, 0x0000000100000000)
  region size 1024K, 1 young (1024K), 1 survivors (1024K)
 Metaspace       used 7808K, committed 8000K, reserved 1064960K
  class space    used 892K, committed 960K, reserved 1048576K
}
Event: 1.165 GC heap before
{Heap before GC invocations=5 (full 0):
 garbage-first heap   total 8192K, used 3930K [0x0000000082a00000, 0x0000000100000000)
  region size 1024K, 2 young (2048K), 1 survivors (1024K)
 Metaspace       used 7999K, committed 8192K, reserved 1064960K
  class space    used 911K, committed 1024K, reserved 1048576K
}
Event: 1.167 GC heap after
{Heap after GC invocations=6 (full 0):
 garbage-first heap   total 8192K, used 3140K [0x0000000082a00000, 0x0000000100000000)
  region size 1024K, 1 young (1024K), 1 survivors (1024K)
 Metaspace       used 7999K, committed 8192K, reserved 1064960K
  class space    used 911K, committed 1024K, reserved 1048576K
}
Event: 1.234 GC heap before
{Heap before GC invocations=6 (full 0):
 garbage-first heap   total 8192K, used 4164K [0x0000000082a00000, 0x0000000100000000)
  region size 1024K, 2 young (2048K), 1 survivors (1024K)
 Metaspace       used 8192K, committed 8384K, reserved 1064960K
  class space    used 934K, committed 1024K, reserved 1048576K
}
Event: 1.242 GC heap after
{Heap after GC invocations=7 (full 0):
 garbage-first heap   total 11264K, used 3573K [0x0000000082a00000, 0x0000000100000000)
  region size 1024K, 1 young (1024K), 1 survivors (1024K)
 Metaspace       used 8192K, committed 8384K, reserved 1064960K
  class space    used 934K, committed 1024K, reserved 1048576K
}
Event: 1.370 GC heap before
{Heap before GC invocations=7 (full 0):
 garbage-first heap   total 11264K, used 5621K [0x0000000082a00000, 0x0000000100000000)
  region size 1024K, 3 young (3072K), 1 survivors (1024K)
 Metaspace       used 8732K, committed 8896K, reserved 1064960K
  class space    used 1002K, committed 1088K, reserved 1048576K
}
Event: 1.378 GC heap after
{Heap after GC invocations=8 (full 0):
 garbage-first heap   total 11264K, used 4488K [0x0000000082a00000, 0x0000000100000000)
  region size 1024K, 1 young (1024K), 1 survivors (1024K)
 Metaspace       used 8732K, committed 8896K, reserved 1064960K
  class space    used 1002K, committed 1088K, reserved 1048576K
}
Event: 1.458 GC heap before
{Heap before GC invocations=8 (full 0):
 garbage-first heap   total 11264K, used 5512K [0x0000000082a00000, 0x0000000100000000)
  region size 1024K, 2 young (2048K), 1 survivors (1024K)
 Metaspace       used 8928K, committed 9152K, reserved 1064960K
  class space    used 1030K, committed 1152K, reserved 1048576K
}
Event: 1.467 GC heap after
{Heap after GC invocations=9 (full 0):
 garbage-first heap   total 11264K, used 4716K [0x0000000082a00000, 0x0000000100000000)
  region size 1024K, 1 young (1024K), 1 survivors (1024K)
 Metaspace       used 8928K, committed 9152K, reserved 1064960K
  class space    used 1030K, committed 1152K, reserved 1048576K
}
Event: 1.496 GC heap before
{Heap before GC invocations=9 (full 0):
 garbage-first heap   total 11264K, used 5740K [0x0000000082a00000, 0x0000000100000000)
  region size 1024K, 2 young (2048K), 1 survivors (1024K)
 Metaspace       used 8946K, committed 9152K, reserved 1064960K
  class space    used 1030K, committed 1152K, reserved 1048576K
}
Event: 1.498 GC heap after
{Heap after GC invocations=10 (full 0):
 garbage-first heap   total 11264K, used 4872K [0x0000000082a00000, 0x0000000100000000)
  region size 1024K, 1 young (1024K), 1 survivors (1024K)
 Metaspace       used 8946K, committed 9152K, reserved 1064960K
  class space    used 1030K, committed 1152K, reserved 1048576K
}
Event: 1.547 GC heap before
{Heap before GC invocations=11 (full 0):
 garbage-first heap   total 12288K, used 5896K [0x0000000082a00000, 0x0000000100000000)
  region size 1024K, 2 young (2048K), 1 survivors (1024K)
 Metaspace       used 9005K, committed 9216K, reserved 1064960K
  class space    used 1036K, committed 1152K, reserved 1048576K
}
Event: 1.550 GC heap after
{Heap after GC invocations=12 (full 0):
 garbage-first heap   total 21504K, used 5003K [0x0000000082a00000, 0x0000000100000000)
  region size 1024K, 1 young (1024K), 1 survivors (1024K)
 Metaspace       used 9005K, committed 9216K, reserved 1064960K
  class space    used 1036K, committed 1152K, reserved 1048576K
}
Event: 1.663 GC heap before
{Heap before GC invocations=12 (full 0):
 garbage-first heap   total 21504K, used 11147K [0x0000000082a00000, 0x0000000100000000)
  region size 1024K, 7 young (7168K), 1 survivors (1024K)
 Metaspace       used 9316K, committed 9536K, reserved 1064960K
  class space    used 1069K, committed 1152K, reserved 1048576K
}
Event: 1.668 GC heap after
{Heap after GC invocations=13 (full 0):
 garbage-first heap   total 21504K, used 6205K [0x0000000082a00000, 0x0000000100000000)
  region size 1024K, 1 young (1024K), 1 survivors (1024K)
 Metaspace       used 9316K, committed 9536K, reserved 1064960K
  class space    used 1069K, committed 1152K, reserved 1048576K
}
Event: 1.801 GC heap before
{Heap before GC invocations=13 (full 0):
 garbage-first heap   total 21504K, used 11325K [0x0000000082a00000, 0x0000000100000000)
  region size 1024K, 6 young (6144K), 1 survivors (1024K)
 Metaspace       used 9352K, committed 9536K, reserved 1064960K
  class space    used 1069K, committed 1152K, reserved 1048576K
}
Event: 1.806 GC heap after
{Heap after GC invocations=14 (full 0):
 garbage-first heap   total 21504K, used 7365K [0x0000000082a00000, 0x0000000100000000)
  region size 1024K, 1 young (1024K), 1 survivors (1024K)
 Metaspace       used 9352K, committed 9536K, reserved 1064960K
  class space    used 1069K, committed 1152K, reserved 1048576K
}
Event: 1.839 GC heap before
{Heap before GC invocations=14 (full 0):
 garbage-first heap   total 21504K, used 12485K [0x0000000082a00000, 0x0000000100000000)
  region size 1024K, 6 young (6144K), 1 survivors (1024K)
 Metaspace       used 9380K, committed 9600K, reserved 1064960K
  class space    used 1070K, committed 1216K, reserved 1048576K
}
Event: 1.848 GC heap after
{Heap after GC invocations=15 (full 0):
 garbage-first heap   total 21504K, used 8393K [0x0000000082a00000, 0x0000000100000000)
  region size 1024K, 1 young (1024K), 1 survivors (1024K)
 Metaspace       used 9380K, committed 9600K, reserved 1064960K
  class space    used 1070K, committed 1216K, reserved 1048576K
}
Event: 1.872 GC heap before
{Heap before GC invocations=15 (full 0):
 garbage-first heap   total 21504K, used 13513K [0x0000000082a00000, 0x0000000100000000)
  region size 1024K, 6 young (6144K), 1 survivors (1024K)
 Metaspace       used 9416K, committed 9664K, reserved 1064960K
  class space    used 1071K, committed 1216K, reserved 1048576K
}

