# JRE version: OpenJDK Runtime Environment Zulu17.40+19-CA (17.0.6+10) (build 17.0.6+10-LTS)
# Java VM: OpenJDK 64-Bit Server VM Zulu17.40+19-CA (17.0.6+10-LTS, mixed mode, sharing, tiered, compressed oops, compressed class ptrs, g1 gc, windows-amd64)
GC Precious Log:
 CPUs: 8 total, 8 available
 Memory: 8023M
 Large Page Support: Disabled
 NUMA Support: Disabled
 Compressed Oops: Enabled (32-bit)
 Heap Region Size: 1M
 Heap Min Capacity: 8M
 Heap Initial Capacity: 8M
 Heap Max Capacity: 2006M
 Pre-touch: Disabled
 Parallel Workers: 8
 Concurrent Workers: 2
 Concurrent Refinement Workers: 8
 Periodic GC: Disabled
Heap:
 garbage-first heap   total 32768K, used 15913K [0x0000000082a00000, 0x0000000100000000)
  region size 1024K, 2 young (2048K), 2 survivors (2048K)
 Metaspace       used 11435K, committed 11648K, reserved 1064960K
  class space    used 1294K, committed 1408K, reserved 1048576K
GC Heap History (20 events):
Event: 0.751 GC heap after
{Heap after GC invocations=7 (full 0):
 garbage-first heap   total 10240K, used 4483K [0x0000000082a00000, 0x0000000100000000)
  region size 1024K, 1 young (1024K), 1 survivors (1024K)
 Metaspace       used 8732K, committed 8896K, reserved 1064960K
  class space    used 1001K, committed 1088K, reserved 1048576K
}
Event: 0.780 GC heap before
{Heap before GC invocations=7 (full 0):
 garbage-first heap   total 10240K, used 5507K [0x0000000082a00000, 0x0000000100000000)
  region size 1024K, 2 young (2048K), 1 survivors (1024K)
 Metaspace       used 8931K, committed 9152K, reserved 1064960K
  class space    used 1029K, committed 1152K, reserved 1048576K
}
Event: 0.783 GC heap after
{Heap after GC invocations=8 (full 0):
 garbage-first heap   total 10240K, used 4716K [0x0000000082a00000, 0x0000000100000000)
  region size 1024K, 1 young (1024K), 1 survivors (1024K)
 Metaspace       used 8931K, committed 9152K, reserved 1064960K
  class space    used 1029K, committed 1152K, reserved 1048576K
}
Event: 0.795 GC heap before
{Heap before GC invocations=8 (full 0):
 garbage-first heap   total 10240K, used 5740K [0x0000000082a00000, 0x0000000100000000)
  region size 1024K, 2 young (2048K), 1 survivors (1024K)
 Metaspace       used 8950K, committed 9152K, reserved 1064960K
  class space    used 1029K, committed 1152K, reserved 1048576K
}
Event: 0.797 GC heap after
{Heap after GC invocations=9 (full 0):
 garbage-first heap   total 16384K, used 4811K [0x0000000082a00000, 0x0000000100000000)
  region size 1024K, 1 young (1024K), 1 survivors (1024K)
 Metaspace       used 8950K, committed 9152K, reserved 1064960K
  class space    used 1029K, committed 1152K, reserved 1048576K
}
Event: 0.913 GC heap before
{Heap before GC invocations=10 (full 0):
 garbage-first heap   total 16384K, used 8907K [0x0000000082a00000, 0x0000000100000000)
  region size 1024K, 5 young (5120K), 1 survivors (1024K)
 Metaspace       used 9300K, committed 9536K, reserved 1064960K
  class space    used 1066K, committed 1216K, reserved 1048576K
}
Event: 0.921 GC heap after
{Heap after GC invocations=11 (full 0):
 garbage-first heap   total 16384K, used 5637K [0x0000000082a00000, 0x0000000100000000)
  region size 1024K, 1 young (1024K), 1 survivors (1024K)
 Metaspace       used 9300K, committed 9536K, reserved 1064960K
  class space    used 1066K, committed 1216K, reserved 1048576K
}
Event: 0.944 GC heap before
{Heap before GC invocations=11 (full 0):
 garbage-first heap   total 16384K, used 9733K [0x0000000082a00000, 0x0000000100000000)
  region size 1024K, 5 young (5120K), 1 survivors (1024K)
 Metaspace       used 9306K, committed 9536K, reserved 1064960K
  class space    used 1067K, committed 1216K, reserved 1048576K
}
Event: 0.953 GC heap after
{Heap after GC invocations=12 (full 0):
 garbage-first heap   total 16384K, used 6282K [0x0000000082a00000, 0x0000000100000000)
  region size 1024K, 1 young (1024K), 1 survivors (1024K)
 Metaspace       used 9306K, committed 9536K, reserved 1064960K
  class space    used 1067K, committed 1216K, reserved 1048576K
}
Event: 1.005 GC heap before
{Heap before GC invocations=12 (full 0):
 garbage-first heap   total 16384K, used 10378K [0x0000000082a00000, 0x0000000100000000)
  region size 1024K, 5 young (5120K), 1 survivors (1024K)
 Metaspace       used 9336K, committed 9600K, reserved 1064960K
  class space    used 1067K, committed 1216K, reserved 1048576K
}
Event: 1.009 GC heap after
{Heap after GC invocations=13 (full 0):
 garbage-first heap   total 16384K, used 7578K [0x0000000082a00000, 0x0000000100000000)
  region size 1024K, 1 young (1024K), 1 survivors (1024K)
 Metaspace       used 9336K, committed 9600K, reserved 1064960K
  class space    used 1067K, committed 1216K, reserved 1048576K
}
Event: 1.039 GC heap before
{Heap before GC invocations=13 (full 0):
 garbage-first heap   total 16384K, used 10650K [0x0000000082a00000, 0x0000000100000000)
  region size 1024K, 4 young (4096K), 1 survivors (1024K)
 Metaspace       used 9363K, committed 9600K, reserved 1064960K
  class space    used 1068K, committed 1216K, reserved 1048576K
}
Event: 1.042 GC heap after
{Heap after GC invocations=14 (full 0):
 garbage-first heap   total 32768K, used 8010K [0x0000000082a00000, 0x0000000100000000)
  region size 1024K, 1 young (1024K), 1 survivors (1024K)
 Metaspace       used 9363K, committed 9600K, reserved 1064960K
  class space    used 1068K, committed 1216K, reserved 1048576K
}
Event: 1.148 GC heap before
{Heap before GC invocations=14 (full 0):
 garbage-first heap   total 32768K, used 21322K [0x0000000082a00000, 0x0000000100000000)
  region size 1024K, 13 young (13312K), 1 survivors (1024K)
 Metaspace       used 9499K, committed 9728K, reserved 1064960K
  class space    used 1072K, committed 1216K, reserved 1048576K
}
Event: 1.156 GC heap after
{Heap after GC invocations=15 (full 0):
 garbage-first heap   total 32768K, used 11407K [0x0000000082a00000, 0x0000000100000000)
  region size 1024K, 2 young (2048K), 2 survivors (2048K)
 Metaspace       used 9499K, committed 9728K, reserved 1064960K
  class space    used 1072K, committed 1216K, reserved 1048576K
}
Event: 1.217 GC heap before
{Heap before GC invocations=15 (full 0):
 garbage-first heap   total 32768K, used 19599K [0x0000000082a00000, 0x0000000100000000)
  region size 1024K, 10 young (10240K), 2 survivors (2048K)
 Metaspace       used 9575K, committed 9792K, reserved 1064960K
  class space    used 1077K, committed 1216K, reserved 1048576K
}
Event: 1.226 GC heap after
{Heap after GC invocations=16 (full 0):
 garbage-first heap   total 32768K, used 13249K [0x0000000082a00000, 0x0000000100000000)
  region size 1024K, 2 young (2048K), 2 survivors (2048K)
 Metaspace       used 9575K, committed 9792K, reserved 1064960K
  class space    used 1077K, committed 1216K, reserved 1048576K
}
Event: 1.801 GC heap before
{Heap before GC invocations=16 (full 0):
 garbage-first heap   total 32768K, used 20417K [0x0000000082a00000, 0x0000000100000000)
  region size 1024K, 9 young (9216K), 2 survivors (2048K)
 Metaspace       used 11026K, committed 11200K, reserved 1064960K
  class space    used 1250K, committed 1344K, reserved 1048576K
}
Event: 1.814 GC heap after
{Heap after GC invocations=17 (full 0):
 garbage-first heap   total 32768K, used 14632K [0x0000000082a00000, 0x0000000100000000)
  region size 1024K, 2 young (2048K), 2 survivors (2048K)
 Metaspace       used 11026K, committed 11200K, reserved 1064960K
  class space    used 1250K, committed 1344K, reserved 1048576K
}
Event: 2.111 GC heap before
{Heap before GC invocations=17 (full 0):
 garbage-first heap   total 32768K, used 20776K [0x0000000082a00000, 0x0000000100000000)
  region size 1024K, 9 young (9216K), 2 survivors (2048K)
 Metaspace       used 11435K, committed 11648K, reserved 1064960K
  class space    used 1294K, committed 1408K, reserved 1048576K
}

