# JRE version: OpenJDK Runtime Environment Zulu17.40+19-CA (17.0.6+10) (build 17.0.6+10-LTS)
# Java VM: OpenJDK 64-Bit Server VM Zulu17.40+19-CA (17.0.6+10-LTS, mixed mode, sharing, tiered, compressed oops, compressed class ptrs, g1 gc, windows-amd64)
GC Precious Log:
 CPUs: 8 total, 8 available
 Memory: 8023M
 Large Page Support: Disabled
 NUMA Support: Disabled
 Compressed Oops: Enabled (32-bit)
 Heap Region Size: 1M
 Heap Min Capacity: 8M
 Heap Initial Capacity: 8M
 Heap Max Capacity: 2006M
 Pre-touch: Disabled
 Parallel Workers: 8
 Concurrent Workers: 2
 Concurrent Refinement Workers: 8
 Periodic GC: Disabled
Heap:
 garbage-first heap   total 17408K, used 8567K [0x0000000082a00000, 0x0000000100000000)
  region size 1024K, 1 young (1024K), 1 survivors (1024K)
 Metaspace       used 9770K, committed 9984K, reserved 1064960K
  class space    used 1171K, committed 1280K, reserved 1048576K
GC Heap History (20 events):
Event: 0.577 GC heap after
{Heap after GC invocations=4 (full 0):
 garbage-first heap   total 8192K, used 2541K [0x0000000082a00000, 0x0000000100000000)
  region size 1024K, 1 young (1024K), 1 survivors (1024K)
 Metaspace       used 7718K, committed 7872K, reserved 1064960K
  class space    used 904K, committed 960K, reserved 1048576K
}
Event: 0.617 GC heap before
{Heap before GC invocations=4 (full 0):
 garbage-first heap   total 8192K, used 3565K [0x0000000082a00000, 0x0000000100000000)
  region size 1024K, 2 young (2048K), 1 survivors (1024K)
 Metaspace       used 7978K, committed 8128K, reserved 1064960K
  class space    used 930K, committed 1024K, reserved 1048576K
}
Event: 0.620 GC heap after
{Heap after GC invocations=5 (full 0):
 garbage-first heap   total 10240K, used 2980K [0x0000000082a00000, 0x0000000100000000)
  region size 1024K, 1 young (1024K), 1 survivors (1024K)
 Metaspace       used 7978K, committed 8128K, reserved 1064960K
  class space    used 930K, committed 1024K, reserved 1048576K
}
Event: 0.691 GC heap before
{Heap before GC invocations=5 (full 0):
 garbage-first heap   total 10240K, used 5028K [0x0000000082a00000, 0x0000000100000000)
  region size 1024K, 3 young (3072K), 1 survivors (1024K)
 Metaspace       used 8487K, committed 8640K, reserved 1064960K
  class space    used 997K, committed 1088K, reserved 1048576K
}
Event: 0.694 GC heap after
{Heap after GC invocations=6 (full 0):
 garbage-first heap   total 10240K, used 4089K [0x0000000082a00000, 0x0000000100000000)
  region size 1024K, 1 young (1024K), 1 survivors (1024K)
 Metaspace       used 8487K, committed 8640K, reserved 1064960K
  class space    used 997K, committed 1088K, reserved 1048576K
}
Event: 0.742 GC heap before
{Heap before GC invocations=6 (full 0):
 garbage-first heap   total 10240K, used 5113K [0x0000000082a00000, 0x0000000100000000)
  region size 1024K, 2 young (2048K), 1 survivors (1024K)
 Metaspace       used 8736K, committed 8960K, reserved 1064960K
  class space    used 1027K, committed 1152K, reserved 1048576K
}
Event: 0.746 GC heap after
{Heap after GC invocations=7 (full 0):
 garbage-first heap   total 10240K, used 4318K [0x0000000082a00000, 0x0000000100000000)
  region size 1024K, 1 young (1024K), 1 survivors (1024K)
 Metaspace       used 8736K, committed 8960K, reserved 1064960K
  class space    used 1027K, committed 1152K, reserved 1048576K
}
Event: 0.763 GC heap before
{Heap before GC invocations=7 (full 0):
 garbage-first heap   total 10240K, used 5342K [0x0000000082a00000, 0x0000000100000000)
  region size 1024K, 2 young (2048K), 1 survivors (1024K)
 Metaspace       used 8756K, committed 8960K, reserved 1064960K
  class space    used 1027K, committed 1152K, reserved 1048576K
}
Event: 0.764 GC heap after
{Heap after GC invocations=8 (full 0):
 garbage-first heap   total 10240K, used 4453K [0x0000000082a00000, 0x0000000100000000)
  region size 1024K, 1 young (1024K), 1 survivors (1024K)
 Metaspace       used 8756K, committed 8960K, reserved 1064960K
  class space    used 1027K, committed 1152K, reserved 1048576K
}
Event: 0.785 GC heap before
{Heap before GC invocations=8 (full 0):
 garbage-first heap   total 10240K, used 5477K [0x0000000082a00000, 0x0000000100000000)
  region size 1024K, 2 young (2048K), 1 survivors (1024K)
 Metaspace       used 8803K, committed 9024K, reserved 1064960K
  class space    used 1027K, committed 1152K, reserved 1048576K
}
Event: 0.787 GC heap after
{Heap after GC invocations=9 (full 0):
 garbage-first heap   total 17408K, used 4531K [0x0000000082a00000, 0x0000000100000000)
  region size 1024K, 1 young (1024K), 1 survivors (1024K)
 Metaspace       used 8803K, committed 9024K, reserved 1064960K
  class space    used 1027K, committed 1152K, reserved 1048576K
}
Event: 0.910 GC heap before
{Heap before GC invocations=10 (full 0):
 garbage-first heap   total 17408K, used 8627K [0x0000000082a00000, 0x0000000100000000)
  region size 1024K, 5 young (5120K), 1 survivors (1024K)
 Metaspace       used 9031K, committed 9216K, reserved 1064960K
  class space    used 1052K, committed 1152K, reserved 1048576K
}
Event: 0.914 GC heap after
{Heap after GC invocations=11 (full 0):
 garbage-first heap   total 17408K, used 5240K [0x0000000082a00000, 0x0000000100000000)
  region size 1024K, 1 young (1024K), 1 survivors (1024K)
 Metaspace       used 9031K, committed 9216K, reserved 1064960K
  class space    used 1052K, committed 1152K, reserved 1048576K
}
Event: 0.974 GC heap before
{Heap before GC invocations=11 (full 0):
 garbage-first heap   total 17408K, used 9336K [0x0000000082a00000, 0x0000000100000000)
  region size 1024K, 5 young (5120K), 1 survivors (1024K)
 Metaspace       used 9140K, committed 9408K, reserved 1064960K
  class space    used 1067K, committed 1216K, reserved 1048576K
}
Event: 0.978 GC heap after
{Heap after GC invocations=12 (full 0):
 garbage-first heap   total 17408K, used 6224K [0x0000000082a00000, 0x0000000100000000)
  region size 1024K, 1 young (1024K), 1 survivors (1024K)
 Metaspace       used 9140K, committed 9408K, reserved 1064960K
  class space    used 1067K, committed 1216K, reserved 1048576K
}
Event: 1.042 GC heap before
{Heap before GC invocations=12 (full 0):
 garbage-first heap   total 17408K, used 10320K [0x0000000082a00000, 0x0000000100000000)
  region size 1024K, 5 young (5120K), 1 survivors (1024K)
 Metaspace       used 9339K, committed 9600K, reserved 1064960K
  class space    used 1095K, committed 1216K, reserved 1048576K
}
Event: 1.047 GC heap after
{Heap after GC invocations=13 (full 0):
 garbage-first heap   total 17408K, used 7242K [0x0000000082a00000, 0x0000000100000000)
  region size 1024K, 1 young (1024K), 1 survivors (1024K)
 Metaspace       used 9339K, committed 9600K, reserved 1064960K
  class space    used 1095K, committed 1216K, reserved 1048576K
}
Event: 1.135 GC heap before
{Heap before GC invocations=13 (full 0):
 garbage-first heap   total 17408K, used 10314K [0x0000000082a00000, 0x0000000100000000)
  region size 1024K, 4 young (4096K), 1 survivors (1024K)
 Metaspace       used 9730K, committed 9920K, reserved 1064960K
  class space    used 1167K, committed 1280K, reserved 1048576K
}
Event: 1.139 GC heap after
{Heap after GC invocations=14 (full 0):
 garbage-first heap   total 17408K, used 7888K [0x0000000082a00000, 0x0000000100000000)
  region size 1024K, 1 young (1024K), 1 survivors (1024K)
 Metaspace       used 9730K, committed 9920K, reserved 1064960K
  class space    used 1167K, committed 1280K, reserved 1048576K
}
Event: 1.198 GC heap before
{Heap before GC invocations=14 (full 0):
 garbage-first heap   total 17408K, used 10960K [0x0000000082a00000, 0x0000000100000000)
  region size 1024K, 4 young (4096K), 1 survivors (1024K)
 Metaspace       used 9770K, committed 9984K, reserved 1064960K
  class space    used 1171K, committed 1280K, reserved 1048576K
}

