# JRE version: OpenJDK Runtime Environment Zulu17.40+19-CA (17.0.6+10) (build 17.0.6+10-LTS)
# Java VM: OpenJDK 64-Bit Server VM Zulu17.40+19-CA (17.0.6+10-LTS, mixed mode, sharing, tiered, compressed oops, compressed class ptrs, g1 gc, windows-amd64)
GC Precious Log:
 CPUs: 8 total, 8 available
 Memory: 8023M
 Large Page Support: Disabled
 NUMA Support: Disabled
 Compressed Oops: Enabled (32-bit)
 Heap Region Size: 1M
 Heap Min Capacity: 8M
 Heap Initial Capacity: 8M
 Heap Max Capacity: 2006M
 Pre-touch: Disabled
 Parallel Workers: 8
 Concurrent Workers: 2
 Concurrent Refinement Workers: 8
 Periodic GC: Disabled
Heap:
 garbage-first heap   total 19456K, used 8755K [0x0000000082a00000, 0x0000000100000000)
  region size 1024K, 1 young (1024K), 1 survivors (1024K)
 Metaspace       used 9786K, committed 9984K, reserved 1064960K
  class space    used 1171K, committed 1280K, reserved 1048576K
GC Heap History (20 events):
Event: 1.749 GC heap after
{Heap after GC invocations=6 (full 0):
 garbage-first heap   total 8192K, used 3491K [0x0000000082a00000, 0x0000000100000000)
  region size 1024K, 1 young (1024K), 1 survivors (1024K)
 Metaspace       used 8015K, committed 8192K, reserved 1064960K
  class space    used 931K, committed 1024K, reserved 1048576K
}
Event: 1.923 GC heap before
{Heap before GC invocations=6 (full 0):
 garbage-first heap   total 8192K, used 4515K [0x0000000082a00000, 0x0000000100000000)
  region size 1024K, 2 young (2048K), 1 survivors (1024K)
 Metaspace       used 8474K, committed 8640K, reserved 1064960K
  class space    used 995K, committed 1088K, reserved 1048576K
}
Event: 1.927 GC heap after
{Heap after GC invocations=7 (full 0):
 garbage-first heap   total 8192K, used 4311K [0x0000000082a00000, 0x0000000100000000)
  region size 1024K, 1 young (1024K), 1 survivors (1024K)
 Metaspace       used 8474K, committed 8640K, reserved 1064960K
  class space    used 995K, committed 1088K, reserved 1048576K
}
Event: 2.092 GC heap before
{Heap before GC invocations=7 (full 0):
 garbage-first heap   total 8192K, used 4311K [0x0000000082a00000, 0x0000000100000000)
  region size 1024K, 2 young (2048K), 1 survivors (1024K)
 Metaspace       used 8746K, committed 8960K, reserved 1064960K
  class space    used 1026K, committed 1152K, reserved 1048576K
}
Event: 2.096 GC heap after
{Heap after GC invocations=8 (full 0):
 garbage-first heap   total 12288K, used 4467K [0x0000000082a00000, 0x0000000100000000)
  region size 1024K, 1 young (1024K), 1 survivors (1024K)
 Metaspace       used 8746K, committed 8960K, reserved 1064960K
  class space    used 1026K, committed 1152K, reserved 1048576K
}
Event: 2.142 GC heap before
{Heap before GC invocations=8 (full 0):
 garbage-first heap   total 12288K, used 5491K [0x0000000082a00000, 0x0000000100000000)
  region size 1024K, 2 young (2048K), 1 survivors (1024K)
 Metaspace       used 8769K, committed 8960K, reserved 1064960K
  class space    used 1026K, committed 1152K, reserved 1048576K
}
Event: 2.145 GC heap after
{Heap after GC invocations=9 (full 0):
 garbage-first heap   total 12288K, used 4598K [0x0000000082a00000, 0x0000000100000000)
  region size 1024K, 1 young (1024K), 1 survivors (1024K)
 Metaspace       used 8769K, committed 8960K, reserved 1064960K
  class space    used 1026K, committed 1152K, reserved 1048576K
}
Event: 2.229 GC heap before
{Heap before GC invocations=9 (full 0):
 garbage-first heap   total 12288K, used 5622K [0x0000000082a00000, 0x0000000100000000)
  region size 1024K, 2 young (2048K), 1 survivors (1024K)
 Metaspace       used 8818K, committed 9024K, reserved 1064960K
  class space    used 1026K, committed 1152K, reserved 1048576K
}
Event: 2.233 GC heap after
{Heap after GC invocations=10 (full 0):
 garbage-first heap   total 12288K, used 4678K [0x0000000082a00000, 0x0000000100000000)
  region size 1024K, 1 young (1024K), 1 survivors (1024K)
 Metaspace       used 8818K, committed 9024K, reserved 1064960K
  class space    used 1026K, committed 1152K, reserved 1048576K
}
Event: 2.376 GC heap before
{Heap before GC invocations=10 (full 0):
 garbage-first heap   total 12288K, used 4678K [0x0000000082a00000, 0x0000000100000000)
  region size 1024K, 2 young (2048K), 1 survivors (1024K)
 Metaspace       used 8969K, committed 9152K, reserved 1064960K
  class space    used 1047K, committed 1152K, reserved 1048576K
}
Event: 2.390 GC heap after
{Heap after GC invocations=11 (full 0):
 garbage-first heap   total 12288K, used 4912K [0x0000000082a00000, 0x0000000100000000)
  region size 1024K, 1 young (1024K), 1 survivors (1024K)
 Metaspace       used 8969K, committed 9152K, reserved 1064960K
  class space    used 1047K, committed 1152K, reserved 1048576K
}
Event: 2.410 GC heap before
{Heap before GC invocations=12 (full 0):
 garbage-first heap   total 12288K, used 5936K [0x0000000082a00000, 0x0000000100000000)
  region size 1024K, 2 young (2048K), 1 survivors (1024K)
 Metaspace       used 9000K, committed 9152K, reserved 1064960K
  class space    used 1051K, committed 1152K, reserved 1048576K
}
Event: 2.414 GC heap after
{Heap after GC invocations=13 (full 0):
 garbage-first heap   total 19456K, used 5167K [0x0000000082a00000, 0x0000000100000000)
  region size 1024K, 1 young (1024K), 1 survivors (1024K)
 Metaspace       used 9000K, committed 9152K, reserved 1064960K
  class space    used 1051K, committed 1152K, reserved 1048576K
}
Event: 2.420 GC heap before
{Heap before GC invocations=13 (full 0):
 garbage-first heap   total 19456K, used 6191K [0x0000000082a00000, 0x0000000100000000)
  region size 1024K, 2 young (2048K), 1 survivors (1024K)
 Metaspace       used 9000K, committed 9152K, reserved 1064960K
  class space    used 1051K, committed 1152K, reserved 1048576K
}
Event: 2.428 GC heap after
{Heap after GC invocations=14 (full 0):
 garbage-first heap   total 19456K, used 5198K [0x0000000082a00000, 0x0000000100000000)
  region size 1024K, 1 young (1024K), 1 survivors (1024K)
 Metaspace       used 9000K, committed 9152K, reserved 1064960K
  class space    used 1051K, committed 1152K, reserved 1048576K
}
Event: 2.675 GC heap before
{Heap before GC invocations=14 (full 0):
 garbage-first heap   total 19456K, used 10318K [0x0000000082a00000, 0x0000000100000000)
  region size 1024K, 6 young (6144K), 1 survivors (1024K)
 Metaspace       used 9113K, committed 9344K, reserved 1064960K
  class space    used 1060K, committed 1152K, reserved 1048576K
}
Event: 2.681 GC heap after
{Heap after GC invocations=15 (full 0):
 garbage-first heap   total 19456K, used 6144K [0x0000000082a00000, 0x0000000100000000)
  region size 1024K, 1 young (1024K), 1 survivors (1024K)
 Metaspace       used 9113K, committed 9344K, reserved 1064960K
  class space    used 1060K, committed 1152K, reserved 1048576K
}
Event: 3.028 GC heap before
{Heap before GC invocations=15 (full 0):
 garbage-first heap   total 19456K, used 12288K [0x0000000082a00000, 0x0000000100000000)
  region size 1024K, 7 young (7168K), 1 survivors (1024K)
 Metaspace       used 9463K, committed 9664K, reserved 1064960K
  class space    used 1114K, committed 1216K, reserved 1048576K
}
Event: 3.039 GC heap after
{Heap after GC invocations=16 (full 0):
 garbage-first heap   total 19456K, used 7518K [0x0000000082a00000, 0x0000000100000000)
  region size 1024K, 1 young (1024K), 1 survivors (1024K)
 Metaspace       used 9463K, committed 9664K, reserved 1064960K
  class space    used 1114K, committed 1216K, reserved 1048576K
}
Event: 3.383 GC heap before
{Heap before GC invocations=16 (full 0):
 garbage-first heap   total 19456K, used 11614K [0x0000000082a00000, 0x0000000100000000)
  region size 1024K, 5 young (5120K), 1 survivors (1024K)
 Metaspace       used 9786K, committed 9984K, reserved 1064960K
  class space    used 1171K, committed 1280K, reserved 1048576K
}

