# JRE version: OpenJDK Runtime Environment Zulu17.40+19-CA (17.0.6+10) (build 17.0.6+10-LTS)
# Java VM: OpenJDK 64-Bit Server VM Zulu17.40+19-CA (17.0.6+10-LTS, mixed mode, sharing, tiered, compressed oops, compressed class ptrs, g1 gc, windows-amd64)
GC Precious Log:
 CPUs: 8 total, 8 available
 Memory: 8023M
 Large Page Support: Disabled
 NUMA Support: Disabled
 Compressed Oops: Enabled (32-bit)
 Heap Region Size: 1M
 Heap Min Capacity: 8M
 Heap Initial Capacity: 8M
 Heap Max Capacity: 2006M
 Pre-touch: Disabled
 Parallel Workers: 8
 Concurrent Workers: 2
 Concurrent Refinement Workers: 8
 Periodic GC: Disabled
Heap:
 garbage-first heap   total 28672K, used 14683K [0x0000000082a00000, 0x0000000100000000)
  region size 1024K, 1 young (1024K), 1 survivors (1024K)
 Metaspace       used 10976K, committed 11136K, reserved 1064960K
  class space    used 1250K, committed 1344K, reserved 1048576K
GC Heap History (20 events):
Event: 1.110 GC heap after
{Heap after GC invocations=7 (full 0):
 garbage-first heap   total 10240K, used 4565K [0x0000000082a00000, 0x0000000100000000)
  region size 1024K, 1 young (1024K), 1 survivors (1024K)
 Metaspace       used 8728K, committed 8896K, reserved 1064960K
  class space    used 1002K, committed 1088K, reserved 1048576K
}
Event: 1.144 GC heap before
{Heap before GC invocations=7 (full 0):
 garbage-first heap   total 10240K, used 5589K [0x0000000082a00000, 0x0000000100000000)
  region size 1024K, 2 young (2048K), 1 survivors (1024K)
 Metaspace       used 8932K, committed 9152K, reserved 1064960K
  class space    used 1030K, committed 1152K, reserved 1048576K
}
Event: 1.146 GC heap after
{Heap after GC invocations=8 (full 0):
 garbage-first heap   total 10240K, used 4786K [0x0000000082a00000, 0x0000000100000000)
  region size 1024K, 1 young (1024K), 1 survivors (1024K)
 Metaspace       used 8932K, committed 9152K, reserved 1064960K
  class space    used 1030K, committed 1152K, reserved 1048576K
}
Event: 1.160 GC heap before
{Heap before GC invocations=8 (full 0):
 garbage-first heap   total 10240K, used 5810K [0x0000000082a00000, 0x0000000100000000)
  region size 1024K, 2 young (2048K), 1 survivors (1024K)
 Metaspace       used 8946K, committed 9152K, reserved 1064960K
  class space    used 1030K, committed 1152K, reserved 1048576K
}
Event: 1.162 GC heap after
{Heap after GC invocations=9 (full 0):
 garbage-first heap   total 15360K, used 4893K [0x0000000082a00000, 0x0000000100000000)
  region size 1024K, 1 young (1024K), 1 survivors (1024K)
 Metaspace       used 8946K, committed 9152K, reserved 1064960K
  class space    used 1030K, committed 1152K, reserved 1048576K
}
Event: 1.274 GC heap before
{Heap before GC invocations=10 (full 0):
 garbage-first heap   total 15360K, used 7965K [0x0000000082a00000, 0x0000000100000000)
  region size 1024K, 4 young (4096K), 1 survivors (1024K)
 Metaspace       used 9254K, committed 9408K, reserved 1064960K
  class space    used 1064K, committed 1152K, reserved 1048576K
}
Event: 1.277 GC heap after
{Heap after GC invocations=11 (full 0):
 garbage-first heap   total 15360K, used 5559K [0x0000000082a00000, 0x0000000100000000)
  region size 1024K, 1 young (1024K), 1 survivors (1024K)
 Metaspace       used 9254K, committed 9408K, reserved 1064960K
  class space    used 1064K, committed 1152K, reserved 1048576K
}
Event: 1.311 GC heap before
{Heap before GC invocations=11 (full 0):
 garbage-first heap   total 15360K, used 8631K [0x0000000082a00000, 0x0000000100000000)
  region size 1024K, 4 young (4096K), 1 survivors (1024K)
 Metaspace       used 9304K, committed 9472K, reserved 1064960K
  class space    used 1069K, committed 1152K, reserved 1048576K
}
Event: 1.314 GC heap after
{Heap after GC invocations=12 (full 0):
 garbage-first heap   total 15360K, used 6133K [0x0000000082a00000, 0x0000000100000000)
  region size 1024K, 1 young (1024K), 1 survivors (1024K)
 Metaspace       used 9304K, committed 9472K, reserved 1064960K
  class space    used 1069K, committed 1152K, reserved 1048576K
}
Event: 1.333 GC heap before
{Heap before GC invocations=12 (full 0):
 garbage-first heap   total 15360K, used 9205K [0x0000000082a00000, 0x0000000100000000)
  region size 1024K, 4 young (4096K), 1 survivors (1024K)
 Metaspace       used 9310K, committed 9472K, reserved 1064960K
  class space    used 1069K, committed 1152K, reserved 1048576K
}
Event: 1.336 GC heap after
{Heap after GC invocations=13 (full 0):
 garbage-first heap   total 15360K, used 6621K [0x0000000082a00000, 0x0000000100000000)
  region size 1024K, 1 young (1024K), 1 survivors (1024K)
 Metaspace       used 9310K, committed 9472K, reserved 1064960K
  class space    used 1069K, committed 1152K, reserved 1048576K
}
Event: 1.377 GC heap before
{Heap before GC invocations=13 (full 0):
 garbage-first heap   total 15360K, used 9693K [0x0000000082a00000, 0x0000000100000000)
  region size 1024K, 4 young (4096K), 1 survivors (1024K)
 Metaspace       used 9336K, committed 9536K, reserved 1064960K
  class space    used 1069K, committed 1152K, reserved 1048576K
}
Event: 1.380 GC heap after
{Heap after GC invocations=14 (full 0):
 garbage-first heap   total 28672K, used 7479K [0x0000000082a00000, 0x0000000100000000)
  region size 1024K, 1 young (1024K), 1 survivors (1024K)
 Metaspace       used 9336K, committed 9536K, reserved 1064960K
  class space    used 1069K, committed 1152K, reserved 1048576K
}
Event: 1.455 GC heap before
{Heap before GC invocations=14 (full 0):
 garbage-first heap   total 28672K, used 17719K [0x0000000082a00000, 0x0000000100000000)
  region size 1024K, 11 young (11264K), 1 survivors (1024K)
 Metaspace       used 9371K, committed 9600K, reserved 1064960K
  class space    used 1071K, committed 1216K, reserved 1048576K
}
Event: 1.462 GC heap after
{Heap after GC invocations=15 (full 0):
 garbage-first heap   total 28672K, used 9440K [0x0000000082a00000, 0x0000000100000000)
  region size 1024K, 2 young (2048K), 2 survivors (2048K)
 Metaspace       used 9371K, committed 9600K, reserved 1064960K
  class space    used 1071K, committed 1216K, reserved 1048576K
}
Event: 1.546 GC heap before
{Heap before GC invocations=15 (full 0):
 garbage-first heap   total 28672K, used 18656K [0x0000000082a00000, 0x0000000100000000)
  region size 1024K, 10 young (10240K), 2 survivors (2048K)
 Metaspace       used 9499K, committed 9728K, reserved 1064960K
  class space    used 1074K, committed 1216K, reserved 1048576K
}
Event: 1.558 GC heap after
{Heap after GC invocations=16 (full 0):
 garbage-first heap   total 28672K, used 12186K [0x0000000082a00000, 0x0000000100000000)
  region size 1024K, 2 young (2048K), 2 survivors (2048K)
 Metaspace       used 9499K, committed 9728K, reserved 1064960K
  class space    used 1074K, committed 1216K, reserved 1048576K
}
Event: 1.692 GC heap before
{Heap before GC invocations=16 (full 0):
 garbage-first heap   total 28672K, used 18330K [0x0000000082a00000, 0x0000000100000000)
  region size 1024K, 8 young (8192K), 2 survivors (2048K)
 Metaspace       used 9817K, committed 9984K, reserved 1064960K
  class space    used 1110K, committed 1216K, reserved 1048576K
}
Event: 1.699 GC heap after
{Heap after GC invocations=17 (full 0):
 garbage-first heap   total 28672K, used 13312K [0x0000000082a00000, 0x0000000100000000)
  region size 1024K, 1 young (1024K), 1 survivors (1024K)
 Metaspace       used 9817K, committed 9984K, reserved 1064960K
  class space    used 1110K, committed 1216K, reserved 1048576K
}
Event: 1.974 GC heap before
{Heap before GC invocations=17 (full 0):
 garbage-first heap   total 28672K, used 20480K [0x0000000082a00000, 0x0000000100000000)
  region size 1024K, 8 young (8192K), 1 survivors (1024K)
 Metaspace       used 10976K, committed 11136K, reserved 1064960K
  class space    used 1250K, committed 1344K, reserved 1048576K
}

