# JRE version: OpenJDK Runtime Environment Zulu17.40+19-CA (17.0.6+10) (build 17.0.6+10-LTS)
# Java VM: OpenJDK 64-Bit Server VM Zulu17.40+19-CA (17.0.6+10-LTS, mixed mode, sharing, tiered, compressed oops, compressed class ptrs, g1 gc, windows-amd64)
GC Precious Log:
 CPUs: 8 total, 8 available
 Memory: 8023M
 Large Page Support: Disabled
 NUMA Support: Disabled
 Compressed Oops: Enabled (32-bit)
 Heap Region Size: 1M
 Heap Min Capacity: 8M
 Heap Initial Capacity: 8M
 Heap Max Capacity: 2006M
 Pre-touch: Disabled
 Parallel Workers: 8
 Concurrent Workers: 2
 Concurrent Refinement Workers: 8
 Periodic GC: Disabled
Heap:
 garbage-first heap   total 10240K, used 4809K [0x0000000082a00000, 0x0000000100000000)
  region size 1024K, 1 young (1024K), 1 survivors (1024K)
 Metaspace       used 8911K, committed 9152K, reserved 1064960K
  class space    used 1030K, committed 1152K, reserved 1048576K
GC Heap History (14 events):
Event: 0.331 GC heap before
{Heap before GC invocations=0 (full 0):
 garbage-first heap   total 8192K, used 3072K [0x0000000082a00000, 0x0000000100000000)
  region size 1024K, 3 young (3072K), 0 survivors (0K)
 Metaspace       used 2544K, committed 2752K, reserved 1056768K
  class space    used 283K, committed 384K, reserved 1048576K
}
Event: 0.337 GC heap after
{Heap after GC invocations=1 (full 0):
 garbage-first heap   total 8192K, used 1184K [0x0000000082a00000, 0x0000000100000000)
  region size 1024K, 1 young (1024K), 1 survivors (1024K)
 Metaspace       used 2544K, committed 2752K, reserved 1056768K
  class space    used 283K, committed 384K, reserved 1048576K
}
Event: 0.476 GC heap before
{Heap before GC invocations=1 (full 0):
 garbage-first heap   total 8192K, used 2208K [0x0000000082a00000, 0x0000000100000000)
  region size 1024K, 2 young (2048K), 1 survivors (1024K)
 Metaspace       used 4583K, committed 4736K, reserved 1056768K
  class space    used 567K, committed 640K, reserved 1048576K
}
Event: 0.480 GC heap after
{Heap after GC invocations=2 (full 0):
 garbage-first heap   total 8192K, used 1840K [0x0000000082a00000, 0x0000000100000000)
  region size 1024K, 1 young (1024K), 1 survivors (1024K)
 Metaspace       used 4583K, committed 4736K, reserved 1056768K
  class space    used 567K, committed 640K, reserved 1048576K
}
Event: 0.607 GC heap before
{Heap before GC invocations=2 (full 0):
 garbage-first heap   total 8192K, used 2864K [0x0000000082a00000, 0x0000000100000000)
  region size 1024K, 2 young (2048K), 1 survivors (1024K)
 Metaspace       used 6301K, committed 6464K, reserved 1064960K
  class space    used 752K, committed 832K, reserved 1048576K
}
Event: 0.611 GC heap after
{Heap after GC invocations=3 (full 0):
 garbage-first heap   total 8192K, used 2168K [0x0000000082a00000, 0x0000000100000000)
  region size 1024K, 1 young (1024K), 1 survivors (1024K)
 Metaspace       used 6301K, committed 6464K, reserved 1064960K
  class space    used 752K, committed 832K, reserved 1048576K
}
Event: 0.750 GC heap before
{Heap before GC invocations=3 (full 0):
 garbage-first heap   total 8192K, used 3192K [0x0000000082a00000, 0x0000000100000000)
  region size 1024K, 2 young (2048K), 1 survivors (1024K)
 Metaspace       used 7659K, committed 7808K, reserved 1064960K
  class space    used 888K, committed 960K, reserved 1048576K
}
Event: 0.752 GC heap after
{Heap after GC invocations=4 (full 0):
 garbage-first heap   total 8192K, used 2513K [0x0000000082a00000, 0x0000000100000000)
  region size 1024K, 1 young (1024K), 1 survivors (1024K)
 Metaspace       used 7659K, committed 7808K, reserved 1064960K
  class space    used 888K, committed 960K, reserved 1048576K
}
Event: 0.796 GC heap before
{Heap before GC invocations=4 (full 0):
 garbage-first heap   total 8192K, used 3537K [0x0000000082a00000, 0x0000000100000000)
  region size 1024K, 2 young (2048K), 1 survivors (1024K)
 Metaspace       used 7806K, committed 8000K, reserved 1064960K
  class space    used 892K, committed 960K, reserved 1048576K
}
Event: 0.799 GC heap after
{Heap after GC invocations=5 (full 0):
 garbage-first heap   total 10240K, used 2838K [0x0000000082a00000, 0x0000000100000000)
  region size 1024K, 1 young (1024K), 1 survivors (1024K)
 Metaspace       used 7806K, committed 8000K, reserved 1064960K
  class space    used 892K, committed 960K, reserved 1048576K
}
Event: 0.915 GC heap before
{Heap before GC invocations=5 (full 0):
 garbage-first heap   total 10240K, used 4886K [0x0000000082a00000, 0x0000000100000000)
  region size 1024K, 3 young (3072K), 1 survivors (1024K)
 Metaspace       used 8163K, committed 8320K, reserved 1064960K
  class space    used 934K, committed 1024K, reserved 1048576K
}
Event: 0.920 GC heap after
{Heap after GC invocations=6 (full 0):
 garbage-first heap   total 10240K, used 3494K [0x0000000082a00000, 0x0000000100000000)
  region size 1024K, 1 young (1024K), 1 survivors (1024K)
 Metaspace       used 8163K, committed 8320K, reserved 1064960K
  class space    used 934K, committed 1024K, reserved 1048576K
}
Event: 1.029 GC heap before
{Heap before GC invocations=6 (full 0):
 garbage-first heap   total 10240K, used 5542K [0x0000000082a00000, 0x0000000100000000)
  region size 1024K, 3 young (3072K), 1 survivors (1024K)
 Metaspace       used 8698K, committed 8896K, reserved 1064960K
  class space    used 1002K, committed 1088K, reserved 1048576K
}
Event: 1.033 GC heap after
{Heap after GC invocations=7 (full 0):
 garbage-first heap   total 10240K, used 4482K [0x0000000082a00000, 0x0000000100000000)
  region size 1024K, 1 young (1024K), 1 survivors (1024K)
 Metaspace       used 8698K, committed 8896K, reserved 1064960K
  class space    used 1002K, committed 1088K, reserved 1048576K
}

